2019-03-15 22:55:37 [scrapy.utils.log] INFO: Scrapy 1.6.0 started (bot: scraper)
2019-03-15 22:55:37 [scrapy.utils.log] INFO: Versions: lxml 4.3.2.0, libxml2 2.9.9, cssselect 1.0.3, parsel 1.5.1, w3lib 1.20.0, Twisted 18.9.0, Python 3.6.7 (default, Oct 22 2018, 11:32:17) - [GCC 8.2.0], pyOpenSSL 19.0.0 (OpenSSL 1.1.1b  26 Feb 2019), cryptography 2.6.1, Platform Linux-4.17.0-041700-generic-x86_64-with-Ubuntu-18.04-bionic
2019-03-15 22:55:37 [scrapy.crawler] INFO: Overridden settings: {'BOT_NAME': 'scraper', 'DUPEFILTER_CLASS': 'scrapy_splash.SplashAwareDupeFilter', 'HTTPCACHE_STORAGE': 'scrapy_splash.SplashAwareFSCacheStorage', 'LOG_FILE': 'logs/scraper/plane_detail/01ca0f48473911e997ec247703c88ea8.log', 'NEWSPIDER_MODULE': 'scraper.spiders', 'SPIDER_MODULES': ['scraper.spiders']}
2019-03-15 22:55:37 [scrapy.extensions.telnet] INFO: Telnet Password: b68bd59a56040001
2019-03-15 22:55:37 [scrapy.middleware] INFO: Enabled extensions:
['scrapy.extensions.corestats.CoreStats',
 'scrapy.extensions.telnet.TelnetConsole',
 'scrapy.extensions.memusage.MemoryUsage',
 'scrapy.extensions.logstats.LogStats']
2019-03-15 22:55:37 [scrapy.middleware] INFO: Enabled downloader middlewares:
['scrapy.downloadermiddlewares.httpauth.HttpAuthMiddleware',
 'scrapy.downloadermiddlewares.downloadtimeout.DownloadTimeoutMiddleware',
 'scrapy.downloadermiddlewares.defaultheaders.DefaultHeadersMiddleware',
 'scrapy.downloadermiddlewares.useragent.UserAgentMiddleware',
 'scrapy.downloadermiddlewares.retry.RetryMiddleware',
 'scrapy.downloadermiddlewares.redirect.MetaRefreshMiddleware',
 'scrapy.downloadermiddlewares.redirect.RedirectMiddleware',
 'scrapy.downloadermiddlewares.cookies.CookiesMiddleware',
 'scrapy_splash.SplashCookiesMiddleware',
 'scrapy_splash.SplashMiddleware',
 'scrapy.downloadermiddlewares.httpproxy.HttpProxyMiddleware',
 'scrapy.downloadermiddlewares.httpcompression.HttpCompressionMiddleware',
 'scrapy.downloadermiddlewares.stats.DownloaderStats']
2019-03-15 22:55:37 [scrapy.middleware] INFO: Enabled spider middlewares:
['scrapy.spidermiddlewares.httperror.HttpErrorMiddleware',
 'scrapy_splash.SplashDeduplicateArgsMiddleware',
 'scrapy.spidermiddlewares.offsite.OffsiteMiddleware',
 'scrapy.spidermiddlewares.referer.RefererMiddleware',
 'scrapy.spidermiddlewares.urllength.UrlLengthMiddleware',
 'scrapy.spidermiddlewares.depth.DepthMiddleware']
2019-03-15 22:55:37 [scrapy.middleware] INFO: Enabled item pipelines:
['scraper.pipelines.MongoDbPipeline']
2019-03-15 22:55:37 [scrapy.core.engine] INFO: Spider opened
2019-03-15 22:55:37 [scrapy.extensions.logstats] INFO: Crawled 0 pages (at 0 pages/min), scraped 0 items (at 0 items/min)
2019-03-15 22:55:37 [scrapy.extensions.telnet] INFO: Telnet console listening on 127.0.0.1:6023
2019-03-15 22:55:44 [scrapy.core.engine] DEBUG: Crawled (200) <GET https://www.google.com/flights?lite=0#flt=HUI.HAN.2019-03-16;c:VND;e:1;s:1;sd:1;t:f;tt:o via http://localhost:8050/execute> (referer: None)
2019-03-15 22:55:44 [scrapy.core.scraper] DEBUG: Scraped from <200 https://www.google.com/flights?lite=0#flt=HUI.HAN.2019-03-16;c:VND;e:1;s:1;sd:1;t:f;tt:o>
{'xuat phat': 'Huế - Thừa Thiên-Huế', 'diem den': 'Hà Nội', 'min': 1539000.0, 'max': 3176613.0, 'average': 2518302.6}
2019-03-15 22:55:44 [scrapy.core.engine] INFO: Closing spider (finished)
2019-03-15 22:55:44 [scrapy.statscollectors] INFO: Dumping Scrapy stats:
{'downloader/request_bytes': 746,
 'downloader/request_count': 1,
 'downloader/request_method_count/POST': 1,
 'downloader/response_bytes': 525205,
 'downloader/response_count': 1,
 'downloader/response_status_count/200': 1,
 'finish_reason': 'finished',
 'finish_time': datetime.datetime(2019, 3, 15, 15, 55, 44, 757919),
 'item_scraped_count': 1,
 'log_count/DEBUG': 2,
 'log_count/INFO': 9,
 'memusage/max': 64135168,
 'memusage/startup': 64135168,
 'response_received_count': 1,
 'scheduler/dequeued': 2,
 'scheduler/dequeued/memory': 2,
 'scheduler/enqueued': 2,
 'scheduler/enqueued/memory': 2,
 'splash/execute/request_count': 1,
 'splash/execute/response_count/200': 1,
 'start_time': datetime.datetime(2019, 3, 15, 15, 55, 37, 528128)}
2019-03-15 22:55:44 [scrapy.core.engine] INFO: Spider closed (finished)
