2019-03-15 22:56:47 [scrapy.utils.log] INFO: Scrapy 1.6.0 started (bot: scraper)
2019-03-15 22:56:47 [scrapy.utils.log] INFO: Versions: lxml 4.3.2.0, libxml2 2.9.9, cssselect 1.0.3, parsel 1.5.1, w3lib 1.20.0, Twisted 18.9.0, Python 3.6.7 (default, Oct 22 2018, 11:32:17) - [GCC 8.2.0], pyOpenSSL 19.0.0 (OpenSSL 1.1.1b  26 Feb 2019), cryptography 2.6.1, Platform Linux-4.17.0-041700-generic-x86_64-with-Ubuntu-18.04-bionic
2019-03-15 22:56:47 [scrapy.crawler] INFO: Overridden settings: {'BOT_NAME': 'scraper', 'DUPEFILTER_CLASS': 'scrapy_splash.SplashAwareDupeFilter', 'HTTPCACHE_STORAGE': 'scrapy_splash.SplashAwareFSCacheStorage', 'LOG_FILE': 'logs/scraper/plane_detail/02f80b64473911e997ec247703c88ea8.log', 'NEWSPIDER_MODULE': 'scraper.spiders', 'SPIDER_MODULES': ['scraper.spiders']}
2019-03-15 22:56:47 [scrapy.extensions.telnet] INFO: Telnet Password: 245004a7c495ee0e
2019-03-15 22:56:47 [scrapy.middleware] INFO: Enabled extensions:
['scrapy.extensions.corestats.CoreStats',
 'scrapy.extensions.telnet.TelnetConsole',
 'scrapy.extensions.memusage.MemoryUsage',
 'scrapy.extensions.logstats.LogStats']
2019-03-15 22:56:47 [scrapy.middleware] INFO: Enabled downloader middlewares:
['scrapy.downloadermiddlewares.httpauth.HttpAuthMiddleware',
 'scrapy.downloadermiddlewares.downloadtimeout.DownloadTimeoutMiddleware',
 'scrapy.downloadermiddlewares.defaultheaders.DefaultHeadersMiddleware',
 'scrapy.downloadermiddlewares.useragent.UserAgentMiddleware',
 'scrapy.downloadermiddlewares.retry.RetryMiddleware',
 'scrapy.downloadermiddlewares.redirect.MetaRefreshMiddleware',
 'scrapy.downloadermiddlewares.redirect.RedirectMiddleware',
 'scrapy.downloadermiddlewares.cookies.CookiesMiddleware',
 'scrapy_splash.SplashCookiesMiddleware',
 'scrapy_splash.SplashMiddleware',
 'scrapy.downloadermiddlewares.httpproxy.HttpProxyMiddleware',
 'scrapy.downloadermiddlewares.httpcompression.HttpCompressionMiddleware',
 'scrapy.downloadermiddlewares.stats.DownloaderStats']
2019-03-15 22:56:47 [scrapy.middleware] INFO: Enabled spider middlewares:
['scrapy.spidermiddlewares.httperror.HttpErrorMiddleware',
 'scrapy_splash.SplashDeduplicateArgsMiddleware',
 'scrapy.spidermiddlewares.offsite.OffsiteMiddleware',
 'scrapy.spidermiddlewares.referer.RefererMiddleware',
 'scrapy.spidermiddlewares.urllength.UrlLengthMiddleware',
 'scrapy.spidermiddlewares.depth.DepthMiddleware']
2019-03-15 22:56:47 [scrapy.middleware] INFO: Enabled item pipelines:
['scraper.pipelines.MongoDbPipeline']
2019-03-15 22:56:47 [scrapy.core.engine] INFO: Spider opened
2019-03-15 22:56:47 [scrapy.extensions.logstats] INFO: Crawled 0 pages (at 0 pages/min), scraped 0 items (at 0 items/min)
2019-03-15 22:56:47 [scrapy.extensions.telnet] INFO: Telnet console listening on 127.0.0.1:6023
2019-03-15 22:56:53 [scrapy.core.engine] DEBUG: Crawled (200) <GET https://www.google.com/flights?lite=0#flt=HUI.DAD.2019-03-16;c:VND;e:1;s:1;sd:1;t:f;tt:o via http://localhost:8050/execute> (referer: None)
2019-03-15 22:56:53 [scrapy.core.scraper] ERROR: Spider error processing <GET https://www.google.com/flights?lite=0#flt=HUI.DAD.2019-03-16;c:VND;e:1;s:1;sd:1;t:f;tt:o via http://localhost:8050/execute> (referer: None)
Traceback (most recent call last):
  File "/home/utm/.local/lib/python3.6/site-packages/scrapy/utils/defer.py", line 102, in iter_errback
    yield next(it)
  File "/home/utm/.local/lib/python3.6/site-packages/scrapy_splash/middleware.py", line 156, in process_spider_output
    for el in result:
  File "/home/utm/.local/lib/python3.6/site-packages/scrapy/spidermiddlewares/offsite.py", line 29, in process_spider_output
    for x in result:
  File "/home/utm/.local/lib/python3.6/site-packages/scrapy/spidermiddlewares/referer.py", line 339, in <genexpr>
    return (_set_referer(r) for r in result or ())
  File "/home/utm/.local/lib/python3.6/site-packages/scrapy/spidermiddlewares/urllength.py", line 37, in <genexpr>
    return (r for r in result or () if _filter(r))
  File "/home/utm/.local/lib/python3.6/site-packages/scrapy/spidermiddlewares/depth.py", line 58, in <genexpr>
    return (r for r in result or () if _filter(r))
  File "/tmp/scraper-1552664568-1akk1_1n.egg/scraper/spiders/plane_detail.py", line 37, in parse_artilce
    "min": min(prices),
ValueError: min() arg is an empty sequence
2019-03-15 22:56:53 [scrapy.core.engine] INFO: Closing spider (finished)
2019-03-15 22:56:53 [scrapy.statscollectors] INFO: Dumping Scrapy stats:
{'downloader/request_bytes': 746,
 'downloader/request_count': 1,
 'downloader/request_method_count/POST': 1,
 'downloader/response_bytes': 463909,
 'downloader/response_count': 1,
 'downloader/response_status_count/200': 1,
 'finish_reason': 'finished',
 'finish_time': datetime.datetime(2019, 3, 15, 15, 56, 53, 792590),
 'log_count/DEBUG': 1,
 'log_count/ERROR': 1,
 'log_count/INFO': 9,
 'memusage/max': 64131072,
 'memusage/startup': 64131072,
 'response_received_count': 1,
 'scheduler/dequeued': 2,
 'scheduler/dequeued/memory': 2,
 'scheduler/enqueued': 2,
 'scheduler/enqueued/memory': 2,
 'spider_exceptions/ValueError': 1,
 'splash/execute/request_count': 1,
 'splash/execute/response_count/200': 1,
 'start_time': datetime.datetime(2019, 3, 15, 15, 56, 47, 569322)}
2019-03-15 22:56:53 [scrapy.core.engine] INFO: Spider closed (finished)
