2019-03-15 22:55:57 [scrapy.utils.log] INFO: Scrapy 1.6.0 started (bot: scraper)
2019-03-15 22:55:57 [scrapy.utils.log] INFO: Versions: lxml 4.3.2.0, libxml2 2.9.9, cssselect 1.0.3, parsel 1.5.1, w3lib 1.20.0, Twisted 18.9.0, Python 3.6.7 (default, Oct 22 2018, 11:32:17) - [GCC 8.2.0], pyOpenSSL 19.0.0 (OpenSSL 1.1.1b  26 Feb 2019), cryptography 2.6.1, Platform Linux-4.17.0-041700-generic-x86_64-with-Ubuntu-18.04-bionic
2019-03-15 22:55:57 [scrapy.crawler] INFO: Overridden settings: {'BOT_NAME': 'scraper', 'DUPEFILTER_CLASS': 'scrapy_splash.SplashAwareDupeFilter', 'HTTPCACHE_STORAGE': 'scrapy_splash.SplashAwareFSCacheStorage', 'LOG_FILE': 'logs/scraper/car_detail/01ca0f4c473911e997ec247703c88ea8.log', 'NEWSPIDER_MODULE': 'scraper.spiders', 'SPIDER_MODULES': ['scraper.spiders']}
2019-03-15 22:55:57 [scrapy.extensions.telnet] INFO: Telnet Password: a4a491887d3e2a78
2019-03-15 22:55:57 [scrapy.middleware] INFO: Enabled extensions:
['scrapy.extensions.corestats.CoreStats',
 'scrapy.extensions.telnet.TelnetConsole',
 'scrapy.extensions.memusage.MemoryUsage',
 'scrapy.extensions.logstats.LogStats']
2019-03-15 22:55:57 [scrapy.middleware] INFO: Enabled downloader middlewares:
['scrapy.downloadermiddlewares.httpauth.HttpAuthMiddleware',
 'scrapy.downloadermiddlewares.downloadtimeout.DownloadTimeoutMiddleware',
 'scrapy.downloadermiddlewares.defaultheaders.DefaultHeadersMiddleware',
 'scrapy.downloadermiddlewares.useragent.UserAgentMiddleware',
 'scrapy.downloadermiddlewares.retry.RetryMiddleware',
 'scrapy.downloadermiddlewares.redirect.MetaRefreshMiddleware',
 'scrapy.downloadermiddlewares.redirect.RedirectMiddleware',
 'scrapy.downloadermiddlewares.cookies.CookiesMiddleware',
 'scrapy_splash.SplashCookiesMiddleware',
 'scrapy_splash.SplashMiddleware',
 'scrapy.downloadermiddlewares.httpproxy.HttpProxyMiddleware',
 'scrapy.downloadermiddlewares.httpcompression.HttpCompressionMiddleware',
 'scrapy.downloadermiddlewares.stats.DownloaderStats']
2019-03-15 22:55:57 [scrapy.middleware] INFO: Enabled spider middlewares:
['scrapy.spidermiddlewares.httperror.HttpErrorMiddleware',
 'scrapy_splash.SplashDeduplicateArgsMiddleware',
 'scrapy.spidermiddlewares.offsite.OffsiteMiddleware',
 'scrapy.spidermiddlewares.referer.RefererMiddleware',
 'scrapy.spidermiddlewares.urllength.UrlLengthMiddleware',
 'scrapy.spidermiddlewares.depth.DepthMiddleware']
2019-03-15 22:55:57 [scrapy.middleware] INFO: Enabled item pipelines:
['scraper.pipelines.MongoDbPipeline']
2019-03-15 22:55:57 [scrapy.core.engine] INFO: Spider opened
2019-03-15 22:55:57 [scrapy.extensions.logstats] INFO: Crawled 0 pages (at 0 pages/min), scraped 0 items (at 0 items/min)
2019-03-15 22:55:57 [scrapy.extensions.telnet] INFO: Telnet console listening on 127.0.0.1:6024
2019-03-15 22:56:01 [scrapy.core.engine] DEBUG: Crawled (200) <GET https://vexere.com/vi-VN/ve-xe-khach-2647t1131.html?date=16-03-19 via http://localhost:8050/render.html> (referer: None)
2019-03-15 22:56:01 [scrapy.core.scraper] ERROR: Spider error processing <GET https://vexere.com/vi-VN/ve-xe-khach-2647t1131.html?date=16-03-19 via http://localhost:8050/render.html> (referer: None)
Traceback (most recent call last):
  File "/home/utm/.local/lib/python3.6/site-packages/scrapy/utils/defer.py", line 102, in iter_errback
    yield next(it)
  File "/home/utm/.local/lib/python3.6/site-packages/scrapy_splash/middleware.py", line 156, in process_spider_output
    for el in result:
  File "/home/utm/.local/lib/python3.6/site-packages/scrapy/spidermiddlewares/offsite.py", line 29, in process_spider_output
    for x in result:
  File "/home/utm/.local/lib/python3.6/site-packages/scrapy/spidermiddlewares/referer.py", line 339, in <genexpr>
    return (_set_referer(r) for r in result or ())
  File "/home/utm/.local/lib/python3.6/site-packages/scrapy/spidermiddlewares/urllength.py", line 37, in <genexpr>
    return (r for r in result or () if _filter(r))
  File "/home/utm/.local/lib/python3.6/site-packages/scrapy/spidermiddlewares/depth.py", line 58, in <genexpr>
    return (r for r in result or () if _filter(r))
  File "/tmp/scraper-1552664568-hq6sy3oz.egg/scraper/spiders/car_detail.py", line 33, in parse_artilce
    'average' : float(response.xpath("//ul[@class='list-detail-route']/li[3]/p[2]/b/text()").extract_first().split('V')[0].replace('.','').replace(' ','')),
AttributeError: 'NoneType' object has no attribute 'split'
2019-03-15 22:56:01 [scrapy.core.engine] INFO: Closing spider (finished)
2019-03-15 22:56:01 [scrapy.statscollectors] INFO: Dumping Scrapy stats:
{'downloader/request_bytes': 667,
 'downloader/request_count': 1,
 'downloader/request_method_count/POST': 1,
 'downloader/response_bytes': 95253,
 'downloader/response_count': 1,
 'downloader/response_status_count/200': 1,
 'finish_reason': 'finished',
 'finish_time': datetime.datetime(2019, 3, 15, 15, 56, 1, 549849),
 'log_count/DEBUG': 1,
 'log_count/ERROR': 1,
 'log_count/INFO': 9,
 'memusage/max': 64118784,
 'memusage/startup': 64118784,
 'response_received_count': 1,
 'scheduler/dequeued': 2,
 'scheduler/dequeued/memory': 2,
 'scheduler/enqueued': 2,
 'scheduler/enqueued/memory': 2,
 'spider_exceptions/AttributeError': 1,
 'splash/render.html/request_count': 1,
 'splash/render.html/response_count/200': 1,
 'start_time': datetime.datetime(2019, 3, 15, 15, 55, 57, 528829)}
2019-03-15 22:56:01 [scrapy.core.engine] INFO: Spider closed (finished)
